Log file: logs/train_Dy_20260617_115349.out

============================================================
  TRAINING FOR OUTPUT: Dy
============================================================

  ITERATION   1 | TOTAL SAMPLES=  2,000 | TRAIN=  1,600 | TEST=    400

     Epoch     Train MSE      Test MSE   Train R2   Test R2          Time
    ------  ------------  ------------  ---------  --------  ------------
       500      0.529253      0.508177     0.5950    0.5453           34s
      1000      0.321285      0.396753     0.7881    0.6450         1m 8s
      1500      0.201894      0.379510     0.9044    0.6604        1m 41s
    Early stopping at epoch 1776.

  ITER   1 DONE | n=  2,000 | train R2=0.8734 | test R2=0.6715 | iter time=2m 1s  (epochs total=2m 0s)

  *** Best model checkpoint updated (test R2=0.6715): checkpoints/dnn_Dy_best.pt

  ITERATION   2 | TOTAL SAMPLES=  4,000 | TRAIN=  3,200 | TEST=    800

     Epoch     Train MSE      Test MSE   Train R2   Test R2          Time
    ------  ------------  ------------  ---------  --------  ------------
       500      0.358818      0.348033     0.7318    0.6280         1m 3s
      1000      0.210110      0.308783     0.8758    0.6700         2m 8s
    Early stopping at epoch 1477.

  ITER   2 DONE | n=  4,000 | train R2=0.8915 | test R2=0.6853 | iter time=3m 9s  (epochs total=3m 9s)

  *** Best model checkpoint updated (test R2=0.6853): checkpoints/dnn_Dy_best.pt

  ITERATION   3 | TOTAL SAMPLES=  6,000 | TRAIN=  4,800 | TEST=  1,200

     Epoch     Train MSE      Test MSE   Train R2   Test R2          Time
    ------  ------------  ------------  ---------  --------  ------------
       500      0.272370      0.323615     0.7806    0.6679        1m 38s
      1000      0.189819      0.301593     0.8800    0.6905        3m 18s
      1500      0.161582      0.303578     0.8780    0.6885        4m 58s
    Early stopping at epoch 1727.

  ITER   3 DONE | n=  6,000 | train R2=0.8953 | test R2=0.7067 | iter time=5m 43s  (epochs total=5m 43s)

  *** Best model checkpoint updated (test R2=0.7067): checkpoints/dnn_Dy_best.pt

  ITERATION   4 | TOTAL SAMPLES=  8,000 | TRAIN=  6,400 | TEST=  1,600

     Epoch     Train MSE      Test MSE   Train R2   Test R2          Time
    ------  ------------  ------------  ---------  --------  ------------
       500      0.254185      0.291553     0.8095    0.7117        2m 10s
      1000      0.193265      0.298148     0.8441    0.7051        4m 19s
    Early stopping at epoch 1466.

  ITER   4 DONE | n=  8,000 | train R2=0.8675 | test R2=0.7299 | iter time=6m 19s  (epochs total=6m 19s)

  *** Best model checkpoint updated (test R2=0.7299): checkpoints/dnn_Dy_best.pt

  ITERATION   5 | TOTAL SAMPLES= 10,000 | TRAIN=  8,000 | TEST=  2,000

     Epoch     Train MSE      Test MSE   Train R2   Test R2          Time
    ------  ------------  ------------  ---------  --------  ------------
       500      0.245844      0.245229     0.8165    0.7448        2m 42s
      1000      0.190946      0.285402     0.8182    0.7030        5m 25s
    Early stopping at epoch 1016.

  ITER   5 DONE | n= 10,000 | train R2=0.8337 | test R2=0.7592 | iter time=5m 31s  (epochs total=5m 30s)

  *** Best model checkpoint updated (test R2=0.7592): checkpoints/dnn_Dy_best.pt

  ITERATION   6 | TOTAL SAMPLES= 12,000 | TRAIN=  9,600 | TEST=  2,400

     Epoch     Train MSE      Test MSE   Train R2   Test R2          Time
    ------  ------------  ------------  ---------  --------  ------------
       500      0.222476      0.265986     0.8103    0.7126        3m 14s
      1000      0.208162      0.272860     0.8278    0.7051        6m 25s
    Early stopping at epoch 1219.

  ITER   6 DONE | n= 12,000 | train R2=0.8606 | test R2=0.7348 | iter time=7m 49s  (epochs total=7m 49s)

  --- No improvement (best so far: test R2=0.7592)

  ITERATION   7 | TOTAL SAMPLES= 14,000 | TRAIN= 11,200 | TEST=  2,800

     Epoch     Train MSE      Test MSE   Train R2   Test R2          Time
    ------  ------------  ------------  ---------  --------  ------------
       500      0.234035      0.269097     0.8209    0.7448        3m 43s
    Early stopping at epoch 890.

  ITER   7 DONE | n= 14,000 | train R2=0.8267 | test R2=0.7635 | iter time=6m 40s  (epochs total=6m 39s)

  *** Best model checkpoint updated (test R2=0.7635): checkpoints/dnn_Dy_best.pt

  ITERATION   8 | TOTAL SAMPLES= 16,000 | TRAIN= 12,800 | TEST=  3,200

     Epoch     Train MSE      Test MSE   Train R2   Test R2          Time
    ------  ------------  ------------  ---------  --------  ------------
       500      0.226691      0.270443     0.8238    0.7364        4m 17s
    Early stopping at epoch 912.

  ITER   8 DONE | n= 16,000 | train R2=0.8352 | test R2=0.7534 | iter time=7m 48s  (epochs total=7m 48s)

  --- No improvement (best so far: test R2=0.7635)

  ITERATION   9 | TOTAL SAMPLES= 18,000 | TRAIN= 14,400 | TEST=  3,600

     Epoch     Train MSE      Test MSE   Train R2   Test R2          Time
    ------  ------------  ------------  ---------  --------  ------------
       500      0.227189      0.251430     0.8273    0.7470        4m 50s
    Early stopping at epoch 875.

  ITER   9 DONE | n= 18,000 | train R2=0.8166 | test R2=0.7535 | iter time=8m 25s  (epochs total=8m 25s)

  --- No improvement (best so far: test R2=0.7635)

  ITERATION  10 | TOTAL SAMPLES= 20,000 | TRAIN= 16,000 | TEST=  4,000

     Epoch     Train MSE      Test MSE   Train R2   Test R2          Time
    ------  ------------  ------------  ---------  --------  ------------
       500      0.234903      0.251131     0.8100    0.7495        5m 17s
    Early stopping at epoch 997.

  ITER  10 DONE | n= 20,000 | train R2=0.8204 | test R2=0.7579 | iter time=10m 30s  (epochs total=10m 30s)

  --- No improvement (best so far: test R2=0.7635)

  ITERATION  11 | TOTAL SAMPLES= 22,000 | TRAIN= 17,600 | TEST=  4,400

     Epoch     Train MSE      Test MSE   Train R2   Test R2          Time
    ------  ------------  ------------  ---------  --------  ------------
       500      0.240607      0.275249     0.7965    0.7308        5m 51s
    Early stopping at epoch 870.

  ITER  11 DONE | n= 22,000 | train R2=0.8160 | test R2=0.7529 | iter time=10m 10s  (epochs total=10m 10s)

  --- No improvement (best so far: test R2=0.7635)

  ITERATION  12 | TOTAL SAMPLES= 24,000 | TRAIN= 19,200 | TEST=  4,800

     Epoch     Train MSE      Test MSE   Train R2   Test R2          Time
    ------  ------------  ------------  ---------  --------  ------------
       500      0.252140      0.315650     0.7721    0.7135        6m 16s
    Early stopping at epoch 833.

  ITER  12 DONE | n= 24,000 | train R2=0.8044 | test R2=0.7586 | iter time=10m 28s  (epochs total=10m 28s)

  --- No improvement (best so far: test R2=0.7635)

  ITERATION  13 | TOTAL SAMPLES= 26,000 | TRAIN= 20,800 | TEST=  5,200

     Epoch     Train MSE      Test MSE   Train R2   Test R2          Time
    ------  ------------  ------------  ---------  --------  ------------
       500      0.260363      0.297362     0.7591    0.7097        6m 58s
    Early stopping at epoch 792.

  ITER  13 DONE | n= 26,000 | train R2=0.7996 | test R2=0.7587 | iter time=11m 0s  (epochs total=11m 0s)

  --- No improvement (best so far: test R2=0.7635)

  ITERATION  14 | TOTAL SAMPLES= 28,000 | TRAIN= 22,400 | TEST=  5,600

     Epoch     Train MSE      Test MSE   Train R2   Test R2          Time
    ------  ------------  ------------  ---------  --------  ------------
       500      0.288070      0.321445     0.7329    0.6953        7m 25s
    Early stopping at epoch 797.

  ITER  14 DONE | n= 28,000 | train R2=0.7972 | test R2=0.7676 | iter time=11m 48s  (epochs total=11m 48s)

  *** Best model checkpoint updated (test R2=0.7676): checkpoints/dnn_Dy_best.pt

  ITERATION  15 | TOTAL SAMPLES= 30,000 | TRAIN= 24,000 | TEST=  6,000

     Epoch     Train MSE      Test MSE   Train R2   Test R2          Time
    ------  ------------  ------------  ---------  --------  ------------
       500      0.311760      0.327602     0.7278    0.6882        7m 53s
    Early stopping at epoch 771.

  ITER  15 DONE | n= 30,000 | train R2=0.7959 | test R2=0.7570 | iter time=12m 12s  (epochs total=12m 12s)

  --- No improvement (best so far: test R2=0.7676)

  ITERATION  16 | TOTAL SAMPLES= 32,000 | TRAIN= 25,600 | TEST=  6,400

     Epoch     Train MSE      Test MSE   Train R2   Test R2          Time
    ------  ------------  ------------  ---------  --------  ------------
       500      0.338510      0.327028     0.6926    0.6757        8m 22s
    Early stopping at epoch 776.

  ITER  16 DONE | n= 32,000 | train R2=0.7960 | test R2=0.7669 | iter time=12m 58s  (epochs total=12m 58s)

  --- No improvement (best so far: test R2=0.7676)

  ITERATION  17 | TOTAL SAMPLES= 34,000 | TRAIN= 27,200 | TEST=  6,800

     Epoch     Train MSE      Test MSE   Train R2   Test R2          Time
    ------  ------------  ------------  ---------  --------  ------------
       500      0.353734      0.341369     0.6676    0.6529        8m 50s
    Early stopping at epoch 719.

  ITER  17 DONE | n= 34,000 | train R2=0.7928 | test R2=0.7676 | iter time=12m 44s  (epochs total=12m 44s)

  --- No improvement (best so far: test R2=0.7676)

  ITERATION  18 | TOTAL SAMPLES= 36,000 | TRAIN= 28,800 | TEST=  7,200

     Epoch     Train MSE      Test MSE   Train R2   Test R2          Time
    ------  ------------  ------------  ---------  --------  ------------
       500      0.361308      0.357311     0.6692    0.6551        9m 20s
    Early stopping at epoch 708.

  ITER  18 DONE | n= 36,000 | train R2=0.7952 | test R2=0.7686 | iter time=13m 13s  (epochs total=13m 12s)

  *** Best model checkpoint updated (test R2=0.7686): checkpoints/dnn_Dy_best.pt

  ITERATION  19 | TOTAL SAMPLES= 38,000 | TRAIN= 30,400 | TEST=  7,600

     Epoch     Train MSE      Test MSE   Train R2   Test R2          Time
    ------  ------------  ------------  ---------  --------  ------------
       500      0.366724      0.361671     0.6612    0.6490        9m 58s
    Early stopping at epoch 732.

  ITER  19 DONE | n= 38,000 | train R2=0.7916 | test R2=0.7628 | iter time=14m 36s  (epochs total=14m 36s)

  --- No improvement (best so far: test R2=0.7686)

  ITERATION  20 | TOTAL SAMPLES= 40,000 | TRAIN= 32,000 | TEST=  8,000

     Epoch     Train MSE      Test MSE   Train R2   Test R2          Time
    ------  ------------  ------------  ---------  --------  ------------
       500      0.371081      0.360521     0.6582    0.6513       10m 23s
    Early stopping at epoch 741.

  ITER  20 DONE | n= 40,000 | train R2=0.7801 | test R2=0.7561 | iter time=15m 31s  (epochs total=15m 31s)

  --- No improvement (best so far: test R2=0.7686)

  ITERATION  21 | TOTAL SAMPLES= 42,000 | TRAIN= 33,600 | TEST=  8,400

     Epoch     Train MSE      Test MSE   Train R2   Test R2          Time
    ------  ------------  ------------  ---------  --------  ------------
       500      0.366600      0.361044     0.6472    0.6374       13m 30s
    Early stopping at epoch 654.

  ITER  21 DONE | n= 42,000 | train R2=0.7926 | test R2=0.7704 | iter time=17m 39s  (epochs total=17m 39s)

  *** Best model checkpoint updated (test R2=0.7704): checkpoints/dnn_Dy_best.pt

  ITERATION  22 | TOTAL SAMPLES= 44,000 | TRAIN= 35,200 | TEST=  8,800

     Epoch     Train MSE      Test MSE   Train R2   Test R2          Time
    ------  ------------  ------------  ---------  --------  ------------
       500      0.370046      0.350575     0.6651    0.6565       13m 34s
    Early stopping at epoch 716.

  ITER  22 DONE | n= 44,000 | train R2=0.7888 | test R2=0.7656 | iter time=19m 21s  (epochs total=19m 21s)

  --- No improvement (best so far: test R2=0.7704)

  ITERATION  23 | TOTAL SAMPLES= 46,000 | TRAIN= 36,800 | TEST=  9,200

     Epoch     Train MSE      Test MSE   Train R2   Test R2          Time
    ------  ------------  ------------  ---------  --------  ------------
       500      0.372326      0.356176     0.6551    0.6452       13m 50s
    Early stopping at epoch 737.

  ITER  23 DONE | n= 46,000 | train R2=0.7963 | test R2=0.7661 | iter time=20m 23s  (epochs total=20m 23s)

  --- No improvement (best so far: test R2=0.7704)

  ITERATION  24 | TOTAL SAMPLES= 48,000 | TRAIN= 38,400 | TEST=  9,600

     Epoch     Train MSE      Test MSE   Train R2   Test R2          Time
    ------  ------------  ------------  ---------  --------  ------------
       500      0.371750      0.358275     0.6589    0.6475       14m 22s
    Early stopping at epoch 691.

  ITER  24 DONE | n= 48,000 | train R2=0.7780 | test R2=0.7551 | iter time=19m 48s  (epochs total=19m 48s)

  --- No improvement (best so far: test R2=0.7704)

  ITERATION  25 | TOTAL SAMPLES= 50,000 | TRAIN= 40,000 | TEST= 10,000

     Epoch     Train MSE      Test MSE   Train R2   Test R2          Time
    ------  ------------  ------------  ---------  --------  ------------
       500      0.371044      0.335687     0.6773    0.6624       14m 50s
    Early stopping at epoch 639.

  ITER  25 DONE | n= 50,000 | train R2=0.7954 | test R2=0.7710 | iter time=18m 56s  (epochs total=18m 55s)

  *** Best model checkpoint updated (test R2=0.7710): checkpoints/dnn_Dy_best.pt

  ITERATION  26 | TOTAL SAMPLES= 52,000 | TRAIN= 41,600 | TEST= 10,400

     Epoch     Train MSE      Test MSE   Train R2   Test R2          Time
    ------  ------------  ------------  ---------  --------  ------------
       500      0.369262      0.345371     0.6596    0.6518       15m 24s
    Early stopping at epoch 677.

  ITER  26 DONE | n= 52,000 | train R2=0.7841 | test R2=0.7683 | iter time=20m 54s  (epochs total=20m 53s)

  --- No improvement (best so far: test R2=0.7710)

  ITERATION  27 | TOTAL SAMPLES= 54,000 | TRAIN= 43,200 | TEST= 10,800

     Epoch     Train MSE      Test MSE   Train R2   Test R2          Time
    ------  ------------  ------------  ---------  --------  ------------
       500      0.368076      0.353314     0.6512    0.6384        16m 6s
    Early stopping at epoch 648.

  ITER  27 DONE | n= 54,000 | train R2=0.7872 | test R2=0.7661 | iter time=20m 13s  (epochs total=20m 13s)

  --- No improvement (best so far: test R2=0.7710)

  ITERATION  28 | TOTAL SAMPLES= 56,000 | TRAIN= 44,800 | TEST= 11,200

     Epoch     Train MSE      Test MSE   Train R2   Test R2          Time
    ------  ------------  ------------  ---------  --------  ------------
       500      0.371533      0.331513     0.6778    0.6778       12m 21s
    Early stopping at epoch 665.

  ITER  28 DONE | n= 56,000 | train R2=0.7787 | test R2=0.7704 | iter time=16m 25s  (epochs total=16m 25s)

  --- No improvement (best so far: test R2=0.7710)

  ITERATION  29 | TOTAL SAMPLES= 58,000 | TRAIN= 46,400 | TEST= 11,600

     Epoch     Train MSE      Test MSE   Train R2   Test R2          Time
    ------  ------------  ------------  ---------  --------  ------------
       500      0.367344      0.330703     0.6778    0.6680       12m 39s
    Early stopping at epoch 635.

  ITER  29 DONE | n= 58,000 | train R2=0.7809 | test R2=0.7633 | iter time=16m 14s  (epochs total=16m 14s)

  --- No improvement (best so far: test R2=0.7710)

  ITERATION  30 | TOTAL SAMPLES= 60,000 | TRAIN= 48,000 | TEST= 12,000

     Epoch     Train MSE      Test MSE   Train R2   Test R2          Time
    ------  ------------  ------------  ---------  --------  ------------
       500      0.367182      0.334172     0.6701    0.6651       13m 12s
    Early stopping at epoch 659.

  ITER  30 DONE | n= 60,000 | train R2=0.7806 | test R2=0.7665 | iter time=17m 21s  (epochs total=17m 21s)

  --- No improvement (best so far: test R2=0.7710)

  ITERATION  31 | TOTAL SAMPLES= 62,000 | TRAIN= 49,600 | TEST= 12,400

     Epoch     Train MSE      Test MSE   Train R2   Test R2          Time
    ------  ------------  ------------  ---------  --------  ------------
       500      0.365977      0.330742     0.6708    0.6657       13m 30s
    Early stopping at epoch 621.

  ITER  31 DONE | n= 62,000 | train R2=0.7805 | test R2=0.7693 | iter time=16m 49s  (epochs total=16m 49s)

  --- No improvement (best so far: test R2=0.7710)

  ITERATION  32 | TOTAL SAMPLES= 64,000 | TRAIN= 51,200 | TEST= 12,800

     Epoch     Train MSE      Test MSE   Train R2   Test R2          Time
    ------  ------------  ------------  ---------  --------  ------------
       500      0.368152      0.341588     0.6628    0.6569       13m 50s
    Early stopping at epoch 608.

  ITER  32 DONE | n= 64,000 | train R2=0.7763 | test R2=0.7643 | iter time=16m 50s  (epochs total=16m 50s)

  --- No improvement (best so far: test R2=0.7710)

  ITERATION  33 | TOTAL SAMPLES= 66,000 | TRAIN= 52,800 | TEST= 13,200

     Epoch     Train MSE      Test MSE   Train R2   Test R2          Time
    ------  ------------  ------------  ---------  --------  ------------
